2023-09-27 09:03:27,488 INFO com.employeecreator.employee.EmployeeApplication [restartedMain] Starting EmployeeApplication using Java 20.0.1 with PID 4556 (/Users/jackboswell/Documents/_code/projects/employee-api/employee/target/classes started by jackboswell in /Users/jackboswell/Documents/_code/projects/employee-api/employee)
2023-09-27 09:03:27,494 INFO com.employeecreator.employee.EmployeeApplication [restartedMain] No active profile set, falling back to 1 default profile: "default"
2023-09-27 09:03:28,635 INFO org.apache.catalina.core.StandardService [restartedMain] Starting service [Tomcat]
2023-09-27 09:03:28,636 INFO org.apache.catalina.core.StandardEngine [restartedMain] Starting Servlet engine: [Apache Tomcat/10.1.11]
2023-09-27 09:03:28,679 INFO org.apache.catalina.core.ContainerBase.[Tomcat].[localhost].[/] [restartedMain] Initializing Spring embedded WebApplicationContext
2023-09-27 09:03:28,783 INFO org.hibernate.jpa.internal.util.LogHelper [restartedMain] HHH000204: Processing PersistenceUnitInfo [name: default]
2023-09-27 09:03:28,820 INFO org.hibernate.Version [restartedMain] HHH000412: Hibernate ORM core version 6.2.6.Final
2023-09-27 09:03:28,821 INFO org.hibernate.cfg.Environment [restartedMain] HHH000406: Using bytecode reflection optimizer
2023-09-27 09:03:28,904 INFO org.hibernate.bytecode.internal.BytecodeProviderInitiator [restartedMain] HHH000021: Bytecode provider name : bytebuddy
2023-09-27 09:03:29,013 INFO com.zaxxer.hikari.HikariDataSource [restartedMain] HikariPool-1 - Starting...
2023-09-27 09:03:29,359 INFO com.zaxxer.hikari.pool.HikariPool [restartedMain] HikariPool-1 - Added connection com.mysql.cj.jdbc.ConnectionImpl@5ff99718
2023-09-27 09:03:29,360 INFO com.zaxxer.hikari.HikariDataSource [restartedMain] HikariPool-1 - Start completed.
2023-09-27 09:03:29,536 INFO org.hibernate.bytecode.internal.BytecodeProviderInitiator [restartedMain] HHH000021: Bytecode provider name : bytebuddy
2023-09-27 09:03:29,946 INFO org.hibernate.engine.transaction.jta.platform.internal.JtaPlatformInitiator [restartedMain] HHH000490: Using JtaPlatform implementation: [org.hibernate.engine.transaction.jta.platform.internal.NoJtaPlatform]
2023-09-27 09:03:30,432 INFO com.employeecreator.employee.EmployeeApplication [restartedMain] Started EmployeeApplication in 3.248 seconds (process running for 3.705)
2023-09-27 09:08:13,293 INFO org.apache.catalina.core.ContainerBase.[Tomcat].[localhost].[/] [http-nio-8080-exec-1] Initializing Spring DispatcherServlet 'dispatcherServlet'
2023-09-27 09:13:45,150 INFO org.apache.catalina.core.StandardService [Thread-5] Stopping service [Tomcat]
2023-09-27 09:13:45,157 INFO org.apache.catalina.core.ContainerBase.[Tomcat].[localhost].[/] [Thread-5] Destroying Spring FrameworkServlet 'dispatcherServlet'
2023-09-27 09:13:45,187 INFO com.zaxxer.hikari.HikariDataSource [Thread-5] HikariPool-1 - Shutdown initiated...
2023-09-27 09:13:45,199 INFO com.zaxxer.hikari.HikariDataSource [Thread-5] HikariPool-1 - Shutdown completed.
2023-09-27 09:13:45,284 INFO com.employeecreator.employee.EmployeeApplication [restartedMain] Starting EmployeeApplication using Java 20.0.1 with PID 4556 (/Users/jackboswell/Documents/_code/projects/employee-api/employee/target/classes started by jackboswell in /Users/jackboswell/Documents/_code/projects/employee-api/employee)
2023-09-27 09:13:45,285 INFO com.employeecreator.employee.EmployeeApplication [restartedMain] No active profile set, falling back to 1 default profile: "default"
2023-09-27 09:13:45,419 INFO org.apache.catalina.core.StandardService [restartedMain] Starting service [Tomcat]
2023-09-27 09:13:45,420 INFO org.apache.catalina.core.StandardEngine [restartedMain] Starting Servlet engine: [Apache Tomcat/10.1.11]
2023-09-27 09:13:45,426 INFO org.apache.catalina.core.ContainerBase.[Tomcat].[localhost].[/] [restartedMain] Initializing Spring embedded WebApplicationContext
2023-09-27 09:13:45,444 INFO org.hibernate.jpa.internal.util.LogHelper [restartedMain] HHH000204: Processing PersistenceUnitInfo [name: default]
2023-09-27 09:13:45,446 INFO org.hibernate.bytecode.internal.BytecodeProviderInitiator [restartedMain] HHH000021: Bytecode provider name : bytebuddy
2023-09-27 09:13:45,446 INFO com.zaxxer.hikari.HikariDataSource [restartedMain] HikariPool-2 - Starting...
2023-09-27 09:13:45,491 INFO com.zaxxer.hikari.pool.HikariPool [restartedMain] HikariPool-2 - Added connection com.mysql.cj.jdbc.ConnectionImpl@4116feb9
2023-09-27 09:13:45,491 INFO com.zaxxer.hikari.HikariDataSource [restartedMain] HikariPool-2 - Start completed.
2023-09-27 09:13:45,495 INFO org.hibernate.bytecode.internal.BytecodeProviderInitiator [restartedMain] HHH000021: Bytecode provider name : bytebuddy
2023-09-27 09:13:45,517 INFO org.hibernate.engine.transaction.jta.platform.internal.JtaPlatformInitiator [restartedMain] HHH000490: Using JtaPlatform implementation: [org.hibernate.engine.transaction.jta.platform.internal.NoJtaPlatform]
2023-09-27 09:13:45,629 INFO com.employeecreator.employee.EmployeeApplication [restartedMain] Started EmployeeApplication in 0.357 seconds (process running for 618.921)
2023-09-27 09:13:49,060 INFO org.apache.catalina.core.ContainerBase.[Tomcat].[localhost].[/] [http-nio-8080-exec-1] Initializing Spring DispatcherServlet 'dispatcherServlet'
2023-09-27 09:14:19,368 INFO org.apache.catalina.core.StandardService [Thread-7] Stopping service [Tomcat]
2023-09-27 09:14:19,370 INFO org.apache.catalina.core.ContainerBase.[Tomcat].[localhost].[/] [Thread-7] Destroying Spring FrameworkServlet 'dispatcherServlet'
2023-09-27 09:14:19,380 INFO com.zaxxer.hikari.HikariDataSource [Thread-7] HikariPool-2 - Shutdown initiated...
2023-09-27 09:14:19,400 INFO com.zaxxer.hikari.HikariDataSource [Thread-7] HikariPool-2 - Shutdown completed.
2023-09-27 09:14:19,465 INFO com.employeecreator.employee.EmployeeApplication [restartedMain] Starting EmployeeApplication using Java 20.0.1 with PID 4556 (/Users/jackboswell/Documents/_code/projects/employee-api/employee/target/classes started by jackboswell in /Users/jackboswell/Documents/_code/projects/employee-api/employee)
2023-09-27 09:14:19,465 INFO com.employeecreator.employee.EmployeeApplication [restartedMain] No active profile set, falling back to 1 default profile: "default"
2023-09-27 09:14:19,566 INFO org.apache.catalina.core.StandardService [restartedMain] Starting service [Tomcat]
2023-09-27 09:14:19,566 INFO org.apache.catalina.core.StandardEngine [restartedMain] Starting Servlet engine: [Apache Tomcat/10.1.11]
2023-09-27 09:14:19,571 INFO org.apache.catalina.core.ContainerBase.[Tomcat].[localhost].[/] [restartedMain] Initializing Spring embedded WebApplicationContext
2023-09-27 09:14:19,585 INFO org.hibernate.jpa.internal.util.LogHelper [restartedMain] HHH000204: Processing PersistenceUnitInfo [name: default]
2023-09-27 09:14:19,587 INFO org.hibernate.bytecode.internal.BytecodeProviderInitiator [restartedMain] HHH000021: Bytecode provider name : bytebuddy
2023-09-27 09:14:19,587 INFO com.zaxxer.hikari.HikariDataSource [restartedMain] HikariPool-3 - Starting...
2023-09-27 09:14:19,612 INFO com.zaxxer.hikari.pool.HikariPool [restartedMain] HikariPool-3 - Added connection com.mysql.cj.jdbc.ConnectionImpl@397b546d
2023-09-27 09:14:19,612 INFO com.zaxxer.hikari.HikariDataSource [restartedMain] HikariPool-3 - Start completed.
2023-09-27 09:14:19,616 INFO org.hibernate.bytecode.internal.BytecodeProviderInitiator [restartedMain] HHH000021: Bytecode provider name : bytebuddy
2023-09-27 09:14:19,633 INFO org.hibernate.engine.transaction.jta.platform.internal.JtaPlatformInitiator [restartedMain] HHH000490: Using JtaPlatform implementation: [org.hibernate.engine.transaction.jta.platform.internal.NoJtaPlatform]
2023-09-27 09:14:19,705 INFO com.employeecreator.employee.EmployeeApplication [restartedMain] Started EmployeeApplication in 0.256 seconds (process running for 652.999)
2023-09-27 09:14:20,452 INFO com.zaxxer.hikari.HikariDataSource [SpringApplicationShutdownHook] HikariPool-3 - Shutdown initiated...
2023-09-27 09:14:20,458 INFO com.zaxxer.hikari.HikariDataSource [SpringApplicationShutdownHook] HikariPool-3 - Shutdown completed.
2023-09-27 09:14:21,354 INFO com.employeecreator.employee.EmployeeApplication [restartedMain] Starting EmployeeApplication using Java 20.0.1 with PID 5269 (/Users/jackboswell/Documents/_code/projects/employee-api/employee/target/classes started by jackboswell in /Users/jackboswell/Documents/_code/projects/employee-api/employee)
2023-09-27 09:14:21,355 INFO com.employeecreator.employee.EmployeeApplication [restartedMain] No active profile set, falling back to 1 default profile: "default"
2023-09-27 09:14:21,995 INFO org.apache.catalina.core.StandardService [restartedMain] Starting service [Tomcat]
2023-09-27 09:14:21,996 INFO org.apache.catalina.core.StandardEngine [restartedMain] Starting Servlet engine: [Apache Tomcat/10.1.11]
2023-09-27 09:14:22,027 INFO org.apache.catalina.core.ContainerBase.[Tomcat].[localhost].[/] [restartedMain] Initializing Spring embedded WebApplicationContext
2023-09-27 09:14:22,098 INFO org.hibernate.jpa.internal.util.LogHelper [restartedMain] HHH000204: Processing PersistenceUnitInfo [name: default]
2023-09-27 09:14:22,127 INFO org.hibernate.Version [restartedMain] HHH000412: Hibernate ORM core version 6.2.6.Final
2023-09-27 09:14:22,128 INFO org.hibernate.cfg.Environment [restartedMain] HHH000406: Using bytecode reflection optimizer
2023-09-27 09:14:22,185 INFO org.hibernate.bytecode.internal.BytecodeProviderInitiator [restartedMain] HHH000021: Bytecode provider name : bytebuddy
2023-09-27 09:14:22,267 INFO com.zaxxer.hikari.HikariDataSource [restartedMain] HikariPool-1 - Starting...
2023-09-27 09:14:22,493 INFO com.zaxxer.hikari.pool.HikariPool [restartedMain] HikariPool-1 - Added connection com.mysql.cj.jdbc.ConnectionImpl@643c6f38
2023-09-27 09:14:22,494 INFO com.zaxxer.hikari.HikariDataSource [restartedMain] HikariPool-1 - Start completed.
2023-09-27 09:14:22,605 INFO org.hibernate.bytecode.internal.BytecodeProviderInitiator [restartedMain] HHH000021: Bytecode provider name : bytebuddy
2023-09-27 09:14:22,919 INFO org.hibernate.engine.transaction.jta.platform.internal.JtaPlatformInitiator [restartedMain] HHH000490: Using JtaPlatform implementation: [org.hibernate.engine.transaction.jta.platform.internal.NoJtaPlatform]
2023-09-27 09:14:23,292 INFO com.employeecreator.employee.EmployeeApplication [restartedMain] Started EmployeeApplication in 2.133 seconds (process running for 2.373)
2023-09-27 09:14:26,780 INFO org.apache.catalina.core.ContainerBase.[Tomcat].[localhost].[/] [http-nio-8080-exec-1] Initializing Spring DispatcherServlet 'dispatcherServlet'
2023-09-27 09:17:37,720 INFO org.apache.catalina.core.StandardService [Thread-5] Stopping service [Tomcat]
2023-09-27 09:17:37,724 INFO org.apache.catalina.core.ContainerBase.[Tomcat].[localhost].[/] [Thread-5] Destroying Spring FrameworkServlet 'dispatcherServlet'
2023-09-27 09:17:37,741 INFO com.zaxxer.hikari.HikariDataSource [Thread-5] HikariPool-1 - Shutdown initiated...
2023-09-27 09:17:37,764 INFO com.zaxxer.hikari.HikariDataSource [Thread-5] HikariPool-1 - Shutdown completed.
2023-09-27 09:17:37,829 INFO com.employeecreator.employee.EmployeeApplication [restartedMain] Starting EmployeeApplication using Java 20.0.1 with PID 5269 (/Users/jackboswell/Documents/_code/projects/employee-api/employee/target/classes started by jackboswell in /Users/jackboswell/Documents/_code/projects/employee-api/employee)
2023-09-27 09:17:37,830 INFO com.employeecreator.employee.EmployeeApplication [restartedMain] No active profile set, falling back to 1 default profile: "default"
2023-09-27 09:17:37,953 INFO org.apache.catalina.core.StandardService [restartedMain] Starting service [Tomcat]
2023-09-27 09:17:37,954 INFO org.apache.catalina.core.StandardEngine [restartedMain] Starting Servlet engine: [Apache Tomcat/10.1.11]
2023-09-27 09:17:37,959 INFO org.apache.catalina.core.ContainerBase.[Tomcat].[localhost].[/] [restartedMain] Initializing Spring embedded WebApplicationContext
2023-09-27 09:17:37,979 INFO org.hibernate.jpa.internal.util.LogHelper [restartedMain] HHH000204: Processing PersistenceUnitInfo [name: default]
2023-09-27 09:17:37,981 INFO org.hibernate.bytecode.internal.BytecodeProviderInitiator [restartedMain] HHH000021: Bytecode provider name : bytebuddy
2023-09-27 09:17:37,981 INFO com.zaxxer.hikari.HikariDataSource [restartedMain] HikariPool-2 - Starting...
2023-09-27 09:17:38,039 INFO com.zaxxer.hikari.pool.HikariPool [restartedMain] HikariPool-2 - Added connection com.mysql.cj.jdbc.ConnectionImpl@6a5067bb
2023-09-27 09:17:38,040 INFO com.zaxxer.hikari.HikariDataSource [restartedMain] HikariPool-2 - Start completed.
2023-09-27 09:17:38,044 INFO org.hibernate.bytecode.internal.BytecodeProviderInitiator [restartedMain] HHH000021: Bytecode provider name : bytebuddy
2023-09-27 09:17:38,063 INFO org.hibernate.engine.transaction.jta.platform.internal.JtaPlatformInitiator [restartedMain] HHH000490: Using JtaPlatform implementation: [org.hibernate.engine.transaction.jta.platform.internal.NoJtaPlatform]
2023-09-27 09:17:38,188 INFO com.employeecreator.employee.EmployeeApplication [restartedMain] Started EmployeeApplication in 0.372 seconds (process running for 197.275)
2023-09-27 09:17:42,460 INFO org.apache.catalina.core.ContainerBase.[Tomcat].[localhost].[/] [http-nio-8080-exec-2] Initializing Spring DispatcherServlet 'dispatcherServlet'
2023-09-27 09:18:05,885 INFO org.apache.catalina.core.StandardService [Thread-7] Stopping service [Tomcat]
2023-09-27 09:18:05,888 INFO org.apache.catalina.core.ContainerBase.[Tomcat].[localhost].[/] [Thread-7] Destroying Spring FrameworkServlet 'dispatcherServlet'
2023-09-27 09:18:05,899 INFO com.zaxxer.hikari.HikariDataSource [Thread-7] HikariPool-2 - Shutdown initiated...
2023-09-27 09:18:05,924 INFO com.zaxxer.hikari.HikariDataSource [Thread-7] HikariPool-2 - Shutdown completed.
2023-09-27 09:18:05,980 INFO com.employeecreator.employee.EmployeeApplication [restartedMain] Starting EmployeeApplication using Java 20.0.1 with PID 5269 (/Users/jackboswell/Documents/_code/projects/employee-api/employee/target/classes started by jackboswell in /Users/jackboswell/Documents/_code/projects/employee-api/employee)
2023-09-27 09:18:05,980 INFO com.employeecreator.employee.EmployeeApplication [restartedMain] No active profile set, falling back to 1 default profile: "default"
2023-09-27 09:18:06,081 INFO org.apache.catalina.core.StandardService [restartedMain] Starting service [Tomcat]
2023-09-27 09:18:06,081 INFO org.apache.catalina.core.StandardEngine [restartedMain] Starting Servlet engine: [Apache Tomcat/10.1.11]
2023-09-27 09:18:06,086 INFO org.apache.catalina.core.ContainerBase.[Tomcat].[localhost].[/] [restartedMain] Initializing Spring embedded WebApplicationContext
2023-09-27 09:18:06,099 INFO org.hibernate.jpa.internal.util.LogHelper [restartedMain] HHH000204: Processing PersistenceUnitInfo [name: default]
2023-09-27 09:18:06,101 INFO org.hibernate.bytecode.internal.BytecodeProviderInitiator [restartedMain] HHH000021: Bytecode provider name : bytebuddy
2023-09-27 09:18:06,102 INFO com.zaxxer.hikari.HikariDataSource [restartedMain] HikariPool-3 - Starting...
2023-09-27 09:18:06,125 INFO com.zaxxer.hikari.pool.HikariPool [restartedMain] HikariPool-3 - Added connection com.mysql.cj.jdbc.ConnectionImpl@2fbea2ef
2023-09-27 09:18:06,125 INFO com.zaxxer.hikari.HikariDataSource [restartedMain] HikariPool-3 - Start completed.
2023-09-27 09:18:06,129 INFO org.hibernate.bytecode.internal.BytecodeProviderInitiator [restartedMain] HHH000021: Bytecode provider name : bytebuddy
2023-09-27 09:18:06,146 INFO org.hibernate.engine.transaction.jta.platform.internal.JtaPlatformInitiator [restartedMain] HHH000490: Using JtaPlatform implementation: [org.hibernate.engine.transaction.jta.platform.internal.NoJtaPlatform]
2023-09-27 09:18:06,213 INFO com.employeecreator.employee.EmployeeApplication [restartedMain] Started EmployeeApplication in 0.246 seconds (process running for 225.301)
2023-09-27 09:18:22,787 INFO org.apache.catalina.core.StandardService [Thread-11] Stopping service [Tomcat]
2023-09-27 09:18:22,806 INFO com.zaxxer.hikari.HikariDataSource [Thread-11] HikariPool-3 - Shutdown initiated...
2023-09-27 09:18:22,828 INFO com.zaxxer.hikari.HikariDataSource [Thread-11] HikariPool-3 - Shutdown completed.
2023-09-27 09:18:22,879 INFO com.employeecreator.employee.EmployeeApplication [restartedMain] Starting EmployeeApplication using Java 20.0.1 with PID 5269 (/Users/jackboswell/Documents/_code/projects/employee-api/employee/target/classes started by jackboswell in /Users/jackboswell/Documents/_code/projects/employee-api/employee)
2023-09-27 09:18:22,879 INFO com.employeecreator.employee.EmployeeApplication [restartedMain] No active profile set, falling back to 1 default profile: "default"
2023-09-27 09:18:22,980 INFO org.apache.catalina.core.StandardService [restartedMain] Starting service [Tomcat]
2023-09-27 09:18:22,980 INFO org.apache.catalina.core.StandardEngine [restartedMain] Starting Servlet engine: [Apache Tomcat/10.1.11]
2023-09-27 09:18:22,985 INFO org.apache.catalina.core.ContainerBase.[Tomcat].[localhost].[/] [restartedMain] Initializing Spring embedded WebApplicationContext
2023-09-27 09:18:22,996 INFO org.hibernate.jpa.internal.util.LogHelper [restartedMain] HHH000204: Processing PersistenceUnitInfo [name: default]
2023-09-27 09:18:22,998 INFO org.hibernate.bytecode.internal.BytecodeProviderInitiator [restartedMain] HHH000021: Bytecode provider name : bytebuddy
2023-09-27 09:18:22,998 INFO com.zaxxer.hikari.HikariDataSource [restartedMain] HikariPool-4 - Starting...
2023-09-27 09:18:23,010 INFO com.zaxxer.hikari.pool.HikariPool [restartedMain] HikariPool-4 - Added connection com.mysql.cj.jdbc.ConnectionImpl@23eee293
2023-09-27 09:18:23,010 INFO com.zaxxer.hikari.HikariDataSource [restartedMain] HikariPool-4 - Start completed.
2023-09-27 09:18:23,014 INFO org.hibernate.bytecode.internal.BytecodeProviderInitiator [restartedMain] HHH000021: Bytecode provider name : bytebuddy
2023-09-27 09:18:23,030 INFO org.hibernate.engine.transaction.jta.platform.internal.JtaPlatformInitiator [restartedMain] HHH000490: Using JtaPlatform implementation: [org.hibernate.engine.transaction.jta.platform.internal.NoJtaPlatform]
2023-09-27 09:18:23,110 INFO com.employeecreator.employee.EmployeeApplication [restartedMain] Started EmployeeApplication in 0.241 seconds (process running for 242.199)
2023-09-27 09:18:31,165 INFO org.apache.catalina.core.ContainerBase.[Tomcat].[localhost].[/] [http-nio-8080-exec-1] Initializing Spring DispatcherServlet 'dispatcherServlet'
2023-09-27 09:20:57,037 INFO org.apache.catalina.core.StandardService [Thread-15] Stopping service [Tomcat]
2023-09-27 09:20:57,038 INFO org.apache.catalina.core.ContainerBase.[Tomcat].[localhost].[/] [Thread-15] Destroying Spring FrameworkServlet 'dispatcherServlet'
2023-09-27 09:20:57,044 INFO com.zaxxer.hikari.HikariDataSource [Thread-15] HikariPool-4 - Shutdown initiated...
2023-09-27 09:20:57,065 INFO com.zaxxer.hikari.HikariDataSource [Thread-15] HikariPool-4 - Shutdown completed.
2023-09-27 09:20:57,112 INFO com.employeecreator.employee.EmployeeApplication [restartedMain] Starting EmployeeApplication using Java 20.0.1 with PID 5269 (/Users/jackboswell/Documents/_code/projects/employee-api/employee/target/classes started by jackboswell in /Users/jackboswell/Documents/_code/projects/employee-api/employee)
2023-09-27 09:20:57,112 INFO com.employeecreator.employee.EmployeeApplication [restartedMain] No active profile set, falling back to 1 default profile: "default"
2023-09-27 09:20:57,213 INFO org.apache.catalina.core.StandardService [restartedMain] Starting service [Tomcat]
2023-09-27 09:20:57,213 INFO org.apache.catalina.core.StandardEngine [restartedMain] Starting Servlet engine: [Apache Tomcat/10.1.11]
2023-09-27 09:20:57,219 INFO org.apache.catalina.core.ContainerBase.[Tomcat].[localhost].[/] [restartedMain] Initializing Spring embedded WebApplicationContext
2023-09-27 09:20:57,231 INFO org.hibernate.jpa.internal.util.LogHelper [restartedMain] HHH000204: Processing PersistenceUnitInfo [name: default]
2023-09-27 09:20:57,233 INFO org.hibernate.bytecode.internal.BytecodeProviderInitiator [restartedMain] HHH000021: Bytecode provider name : bytebuddy
2023-09-27 09:20:57,233 INFO com.zaxxer.hikari.HikariDataSource [restartedMain] HikariPool-5 - Starting...
2023-09-27 09:20:57,257 INFO com.zaxxer.hikari.pool.HikariPool [restartedMain] HikariPool-5 - Added connection com.mysql.cj.jdbc.ConnectionImpl@3c1b3b06
2023-09-27 09:20:57,257 INFO com.zaxxer.hikari.HikariDataSource [restartedMain] HikariPool-5 - Start completed.
2023-09-27 09:20:57,261 INFO org.hibernate.bytecode.internal.BytecodeProviderInitiator [restartedMain] HHH000021: Bytecode provider name : bytebuddy
2023-09-27 09:20:57,277 INFO org.hibernate.engine.transaction.jta.platform.internal.JtaPlatformInitiator [restartedMain] HHH000490: Using JtaPlatform implementation: [org.hibernate.engine.transaction.jta.platform.internal.NoJtaPlatform]
2023-09-27 09:20:57,336 INFO com.employeecreator.employee.EmployeeApplication [restartedMain] Started EmployeeApplication in 0.233 seconds (process running for 396.429)
2023-09-27 09:21:02,388 INFO org.apache.catalina.core.ContainerBase.[Tomcat].[localhost].[/] [http-nio-8080-exec-2] Initializing Spring DispatcherServlet 'dispatcherServlet'
2023-09-27 09:22:04,393 INFO org.apache.catalina.core.StandardService [Thread-19] Stopping service [Tomcat]
2023-09-27 09:22:04,395 INFO org.apache.catalina.core.ContainerBase.[Tomcat].[localhost].[/] [Thread-19] Destroying Spring FrameworkServlet 'dispatcherServlet'
2023-09-27 09:22:04,402 INFO com.zaxxer.hikari.HikariDataSource [Thread-19] HikariPool-5 - Shutdown initiated...
2023-09-27 09:22:04,427 INFO com.zaxxer.hikari.HikariDataSource [Thread-19] HikariPool-5 - Shutdown completed.
2023-09-27 09:22:04,482 INFO com.employeecreator.employee.EmployeeApplication [restartedMain] Starting EmployeeApplication using Java 20.0.1 with PID 5269 (/Users/jackboswell/Documents/_code/projects/employee-api/employee/target/classes started by jackboswell in /Users/jackboswell/Documents/_code/projects/employee-api/employee)
2023-09-27 09:22:04,482 INFO com.employeecreator.employee.EmployeeApplication [restartedMain] No active profile set, falling back to 1 default profile: "default"
2023-09-27 09:22:04,570 INFO org.apache.catalina.core.StandardService [restartedMain] Starting service [Tomcat]
2023-09-27 09:22:04,570 INFO org.apache.catalina.core.StandardEngine [restartedMain] Starting Servlet engine: [Apache Tomcat/10.1.11]
2023-09-27 09:22:04,575 INFO org.apache.catalina.core.ContainerBase.[Tomcat].[localhost].[/] [restartedMain] Initializing Spring embedded WebApplicationContext
2023-09-27 09:22:04,585 INFO org.hibernate.jpa.internal.util.LogHelper [restartedMain] HHH000204: Processing PersistenceUnitInfo [name: default]
2023-09-27 09:22:04,586 INFO org.hibernate.bytecode.internal.BytecodeProviderInitiator [restartedMain] HHH000021: Bytecode provider name : bytebuddy
2023-09-27 09:22:04,587 INFO com.zaxxer.hikari.HikariDataSource [restartedMain] HikariPool-6 - Starting...
2023-09-27 09:22:04,598 INFO com.zaxxer.hikari.pool.HikariPool [restartedMain] HikariPool-6 - Added connection com.mysql.cj.jdbc.ConnectionImpl@4bd50773
2023-09-27 09:22:04,598 INFO com.zaxxer.hikari.HikariDataSource [restartedMain] HikariPool-6 - Start completed.
2023-09-27 09:22:04,602 INFO org.hibernate.bytecode.internal.BytecodeProviderInitiator [restartedMain] HHH000021: Bytecode provider name : bytebuddy
2023-09-27 09:22:04,614 INFO org.hibernate.engine.transaction.jta.platform.internal.JtaPlatformInitiator [restartedMain] HHH000490: Using JtaPlatform implementation: [org.hibernate.engine.transaction.jta.platform.internal.NoJtaPlatform]
2023-09-27 09:22:04,686 INFO com.employeecreator.employee.EmployeeApplication [restartedMain] Started EmployeeApplication in 0.212 seconds (process running for 463.781)
2023-09-27 09:22:11,444 INFO org.apache.catalina.core.ContainerBase.[Tomcat].[localhost].[/] [http-nio-8080-exec-2] Initializing Spring DispatcherServlet 'dispatcherServlet'
2023-09-27 09:22:41,468 INFO org.apache.catalina.core.StandardService [Thread-23] Stopping service [Tomcat]
2023-09-27 09:22:41,479 INFO org.apache.catalina.core.ContainerBase.[Tomcat].[localhost].[/] [Thread-23] Destroying Spring FrameworkServlet 'dispatcherServlet'
2023-09-27 09:22:41,487 INFO com.zaxxer.hikari.HikariDataSource [Thread-23] HikariPool-6 - Shutdown initiated...
2023-09-27 09:22:41,491 INFO com.zaxxer.hikari.HikariDataSource [Thread-23] HikariPool-6 - Shutdown completed.
2023-09-27 09:22:41,549 INFO com.employeecreator.employee.EmployeeApplication [restartedMain] Starting EmployeeApplication using Java 20.0.1 with PID 5269 (/Users/jackboswell/Documents/_code/projects/employee-api/employee/target/classes started by jackboswell in /Users/jackboswell/Documents/_code/projects/employee-api/employee)
2023-09-27 09:22:41,549 INFO com.employeecreator.employee.EmployeeApplication [restartedMain] No active profile set, falling back to 1 default profile: "default"
2023-09-27 09:22:41,634 INFO org.apache.catalina.core.StandardService [restartedMain] Starting service [Tomcat]
2023-09-27 09:22:41,634 INFO org.apache.catalina.core.StandardEngine [restartedMain] Starting Servlet engine: [Apache Tomcat/10.1.11]
2023-09-27 09:22:41,639 INFO org.apache.catalina.core.ContainerBase.[Tomcat].[localhost].[/] [restartedMain] Initializing Spring embedded WebApplicationContext
2023-09-27 09:22:41,649 INFO org.hibernate.jpa.internal.util.LogHelper [restartedMain] HHH000204: Processing PersistenceUnitInfo [name: default]
2023-09-27 09:22:41,651 INFO org.hibernate.bytecode.internal.BytecodeProviderInitiator [restartedMain] HHH000021: Bytecode provider name : bytebuddy
2023-09-27 09:22:41,651 INFO com.zaxxer.hikari.HikariDataSource [restartedMain] HikariPool-7 - Starting...
2023-09-27 09:22:41,660 INFO com.zaxxer.hikari.pool.HikariPool [restartedMain] HikariPool-7 - Added connection com.mysql.cj.jdbc.ConnectionImpl@407520ff
2023-09-27 09:22:41,661 INFO com.zaxxer.hikari.HikariDataSource [restartedMain] HikariPool-7 - Start completed.
2023-09-27 09:22:41,664 INFO org.hibernate.bytecode.internal.BytecodeProviderInitiator [restartedMain] HHH000021: Bytecode provider name : bytebuddy
2023-09-27 09:22:41,681 INFO org.hibernate.engine.transaction.jta.platform.internal.JtaPlatformInitiator [restartedMain] HHH000490: Using JtaPlatform implementation: [org.hibernate.engine.transaction.jta.platform.internal.NoJtaPlatform]
2023-09-27 09:22:41,735 INFO com.employeecreator.employee.EmployeeApplication [restartedMain] Started EmployeeApplication in 0.194 seconds (process running for 500.831)
2023-09-27 09:22:45,896 INFO org.apache.catalina.core.ContainerBase.[Tomcat].[localhost].[/] [http-nio-8080-exec-2] Initializing Spring DispatcherServlet 'dispatcherServlet'
2023-09-27 09:23:38,666 INFO org.apache.catalina.core.StandardService [Thread-27] Stopping service [Tomcat]
2023-09-27 09:23:38,668 INFO org.apache.catalina.core.ContainerBase.[Tomcat].[localhost].[/] [Thread-27] Destroying Spring FrameworkServlet 'dispatcherServlet'
2023-09-27 09:23:38,697 INFO com.zaxxer.hikari.HikariDataSource [Thread-27] HikariPool-7 - Shutdown initiated...
2023-09-27 09:23:38,714 INFO com.zaxxer.hikari.HikariDataSource [Thread-27] HikariPool-7 - Shutdown completed.
2023-09-27 09:23:38,774 INFO com.employeecreator.employee.EmployeeApplication [restartedMain] Starting EmployeeApplication using Java 20.0.1 with PID 5269 (/Users/jackboswell/Documents/_code/projects/employee-api/employee/target/classes started by jackboswell in /Users/jackboswell/Documents/_code/projects/employee-api/employee)
2023-09-27 09:23:38,774 INFO com.employeecreator.employee.EmployeeApplication [restartedMain] No active profile set, falling back to 1 default profile: "default"
2023-09-27 09:23:38,862 INFO org.apache.catalina.core.StandardService [restartedMain] Starting service [Tomcat]
2023-09-27 09:23:38,862 INFO org.apache.catalina.core.StandardEngine [restartedMain] Starting Servlet engine: [Apache Tomcat/10.1.11]
2023-09-27 09:23:38,866 INFO org.apache.catalina.core.ContainerBase.[Tomcat].[localhost].[/] [restartedMain] Initializing Spring embedded WebApplicationContext
2023-09-27 09:23:38,878 INFO org.hibernate.jpa.internal.util.LogHelper [restartedMain] HHH000204: Processing PersistenceUnitInfo [name: default]
2023-09-27 09:23:38,880 INFO org.hibernate.bytecode.internal.BytecodeProviderInitiator [restartedMain] HHH000021: Bytecode provider name : bytebuddy
2023-09-27 09:23:38,880 INFO com.zaxxer.hikari.HikariDataSource [restartedMain] HikariPool-8 - Starting...
2023-09-27 09:23:38,890 INFO com.zaxxer.hikari.pool.HikariPool [restartedMain] HikariPool-8 - Added connection com.mysql.cj.jdbc.ConnectionImpl@129685e3
2023-09-27 09:23:38,890 INFO com.zaxxer.hikari.HikariDataSource [restartedMain] HikariPool-8 - Start completed.
2023-09-27 09:23:38,894 INFO org.hibernate.bytecode.internal.BytecodeProviderInitiator [restartedMain] HHH000021: Bytecode provider name : bytebuddy
2023-09-27 09:23:38,907 INFO org.hibernate.engine.transaction.jta.platform.internal.JtaPlatformInitiator [restartedMain] HHH000490: Using JtaPlatform implementation: [org.hibernate.engine.transaction.jta.platform.internal.NoJtaPlatform]
2023-09-27 09:23:38,970 INFO com.employeecreator.employee.EmployeeApplication [restartedMain] Started EmployeeApplication in 0.206 seconds (process running for 558.068)
2023-09-27 09:23:42,017 INFO org.apache.catalina.core.ContainerBase.[Tomcat].[localhost].[/] [http-nio-8080-exec-2] Initializing Spring DispatcherServlet 'dispatcherServlet'
2023-09-27 09:23:49,556 INFO org.apache.catalina.core.StandardService [Thread-31] Stopping service [Tomcat]
2023-09-27 09:23:49,558 INFO org.apache.catalina.core.ContainerBase.[Tomcat].[localhost].[/] [Thread-31] Destroying Spring FrameworkServlet 'dispatcherServlet'
2023-09-27 09:23:49,570 INFO com.zaxxer.hikari.HikariDataSource [Thread-31] HikariPool-8 - Shutdown initiated...
2023-09-27 09:23:49,602 INFO com.zaxxer.hikari.HikariDataSource [Thread-31] HikariPool-8 - Shutdown completed.
2023-09-27 09:23:49,663 INFO com.employeecreator.employee.EmployeeApplication [restartedMain] Starting EmployeeApplication using Java 20.0.1 with PID 5269 (/Users/jackboswell/Documents/_code/projects/employee-api/employee/target/classes started by jackboswell in /Users/jackboswell/Documents/_code/projects/employee-api/employee)
2023-09-27 09:23:49,664 INFO com.employeecreator.employee.EmployeeApplication [restartedMain] No active profile set, falling back to 1 default profile: "default"
2023-09-27 09:23:49,749 INFO org.apache.catalina.core.StandardService [restartedMain] Starting service [Tomcat]
2023-09-27 09:23:49,749 INFO org.apache.catalina.core.StandardEngine [restartedMain] Starting Servlet engine: [Apache Tomcat/10.1.11]
2023-09-27 09:23:49,754 INFO org.apache.catalina.core.ContainerBase.[Tomcat].[localhost].[/] [restartedMain] Initializing Spring embedded WebApplicationContext
2023-09-27 09:23:49,763 INFO org.hibernate.jpa.internal.util.LogHelper [restartedMain] HHH000204: Processing PersistenceUnitInfo [name: default]
2023-09-27 09:23:49,764 INFO org.hibernate.bytecode.internal.BytecodeProviderInitiator [restartedMain] HHH000021: Bytecode provider name : bytebuddy
2023-09-27 09:23:49,765 INFO com.zaxxer.hikari.HikariDataSource [restartedMain] HikariPool-9 - Starting...
2023-09-27 09:23:49,774 INFO com.zaxxer.hikari.pool.HikariPool [restartedMain] HikariPool-9 - Added connection com.mysql.cj.jdbc.ConnectionImpl@31809d0
2023-09-27 09:23:49,774 INFO com.zaxxer.hikari.HikariDataSource [restartedMain] HikariPool-9 - Start completed.
2023-09-27 09:23:49,777 INFO org.hibernate.bytecode.internal.BytecodeProviderInitiator [restartedMain] HHH000021: Bytecode provider name : bytebuddy
2023-09-27 09:23:49,808 INFO org.hibernate.engine.transaction.jta.platform.internal.JtaPlatformInitiator [restartedMain] HHH000490: Using JtaPlatform implementation: [org.hibernate.engine.transaction.jta.platform.internal.NoJtaPlatform]
2023-09-27 09:23:49,883 INFO com.employeecreator.employee.EmployeeApplication [restartedMain] Started EmployeeApplication in 0.227 seconds (process running for 568.981)
2023-09-27 09:30:19,773 INFO org.apache.catalina.core.ContainerBase.[Tomcat].[localhost].[/] [http-nio-8080-exec-2] Initializing Spring DispatcherServlet 'dispatcherServlet'
2023-09-27 09:31:30,648 INFO org.apache.catalina.core.StandardService [Thread-35] Stopping service [Tomcat]
2023-09-27 09:31:30,650 INFO org.apache.catalina.core.ContainerBase.[Tomcat].[localhost].[/] [Thread-35] Destroying Spring FrameworkServlet 'dispatcherServlet'
2023-09-27 09:31:30,663 INFO com.zaxxer.hikari.HikariDataSource [Thread-35] HikariPool-9 - Shutdown initiated...
2023-09-27 09:31:30,704 INFO com.zaxxer.hikari.HikariDataSource [Thread-35] HikariPool-9 - Shutdown completed.
2023-09-27 09:31:30,778 INFO com.employeecreator.employee.EmployeeApplication [restartedMain] Starting EmployeeApplication using Java 20.0.1 with PID 5269 (/Users/jackboswell/Documents/_code/projects/employee-api/employee/target/classes started by jackboswell in /Users/jackboswell/Documents/_code/projects/employee-api/employee)
2023-09-27 09:31:30,778 INFO com.employeecreator.employee.EmployeeApplication [restartedMain] No active profile set, falling back to 1 default profile: "default"
2023-09-27 09:31:30,878 INFO org.apache.catalina.core.StandardService [restartedMain] Starting service [Tomcat]
2023-09-27 09:31:30,878 INFO org.apache.catalina.core.StandardEngine [restartedMain] Starting Servlet engine: [Apache Tomcat/10.1.11]
2023-09-27 09:31:30,886 INFO org.apache.catalina.core.ContainerBase.[Tomcat].[localhost].[/] [restartedMain] Initializing Spring embedded WebApplicationContext
2023-09-27 09:31:30,909 INFO org.hibernate.jpa.internal.util.LogHelper [restartedMain] HHH000204: Processing PersistenceUnitInfo [name: default]
2023-09-27 09:31:30,910 INFO org.hibernate.bytecode.internal.BytecodeProviderInitiator [restartedMain] HHH000021: Bytecode provider name : bytebuddy
2023-09-27 09:31:30,911 INFO com.zaxxer.hikari.HikariDataSource [restartedMain] HikariPool-10 - Starting...
2023-09-27 09:31:30,960 INFO com.zaxxer.hikari.pool.HikariPool [restartedMain] HikariPool-10 - Added connection com.mysql.cj.jdbc.ConnectionImpl@6d694833
2023-09-27 09:31:30,961 INFO com.zaxxer.hikari.HikariDataSource [restartedMain] HikariPool-10 - Start completed.
2023-09-27 09:31:30,965 INFO org.hibernate.bytecode.internal.BytecodeProviderInitiator [restartedMain] HHH000021: Bytecode provider name : bytebuddy
2023-09-27 09:31:30,982 INFO org.hibernate.engine.transaction.jta.platform.internal.JtaPlatformInitiator [restartedMain] HHH000490: Using JtaPlatform implementation: [org.hibernate.engine.transaction.jta.platform.internal.NoJtaPlatform]
2023-09-27 09:31:31,168 INFO com.employeecreator.employee.EmployeeApplication [restartedMain] Started EmployeeApplication in 0.398 seconds (process running for 1030.28)
2023-09-27 09:31:35,030 INFO org.apache.catalina.core.ContainerBase.[Tomcat].[localhost].[/] [http-nio-8080-exec-2] Initializing Spring DispatcherServlet 'dispatcherServlet'
2023-09-27 09:31:51,758 INFO org.apache.catalina.core.StandardService [Thread-39] Stopping service [Tomcat]
2023-09-27 09:31:51,760 INFO org.apache.catalina.core.ContainerBase.[Tomcat].[localhost].[/] [Thread-39] Destroying Spring FrameworkServlet 'dispatcherServlet'
2023-09-27 09:31:51,780 INFO com.zaxxer.hikari.HikariDataSource [Thread-39] HikariPool-10 - Shutdown initiated...
2023-09-27 09:31:51,798 INFO com.zaxxer.hikari.HikariDataSource [Thread-39] HikariPool-10 - Shutdown completed.
2023-09-27 09:31:51,858 INFO com.employeecreator.employee.EmployeeApplication [restartedMain] Starting EmployeeApplication using Java 20.0.1 with PID 5269 (/Users/jackboswell/Documents/_code/projects/employee-api/employee/target/classes started by jackboswell in /Users/jackboswell/Documents/_code/projects/employee-api/employee)
2023-09-27 09:31:51,858 INFO com.employeecreator.employee.EmployeeApplication [restartedMain] No active profile set, falling back to 1 default profile: "default"
2023-09-27 09:31:51,949 INFO org.apache.catalina.core.StandardService [restartedMain] Starting service [Tomcat]
2023-09-27 09:31:51,949 INFO org.apache.catalina.core.StandardEngine [restartedMain] Starting Servlet engine: [Apache Tomcat/10.1.11]
2023-09-27 09:31:51,953 INFO org.apache.catalina.core.ContainerBase.[Tomcat].[localhost].[/] [restartedMain] Initializing Spring embedded WebApplicationContext
2023-09-27 09:31:51,966 INFO org.hibernate.jpa.internal.util.LogHelper [restartedMain] HHH000204: Processing PersistenceUnitInfo [name: default]
2023-09-27 09:31:51,967 INFO org.hibernate.bytecode.internal.BytecodeProviderInitiator [restartedMain] HHH000021: Bytecode provider name : bytebuddy
2023-09-27 09:31:51,968 INFO com.zaxxer.hikari.HikariDataSource [restartedMain] HikariPool-11 - Starting...
2023-09-27 09:31:52,002 INFO com.zaxxer.hikari.pool.HikariPool [restartedMain] HikariPool-11 - Added connection com.mysql.cj.jdbc.ConnectionImpl@2d8b5991
2023-09-27 09:31:52,002 INFO com.zaxxer.hikari.HikariDataSource [restartedMain] HikariPool-11 - Start completed.
2023-09-27 09:31:52,006 INFO org.hibernate.bytecode.internal.BytecodeProviderInitiator [restartedMain] HHH000021: Bytecode provider name : bytebuddy
2023-09-27 09:31:52,020 INFO org.hibernate.engine.transaction.jta.platform.internal.JtaPlatformInitiator [restartedMain] HHH000490: Using JtaPlatform implementation: [org.hibernate.engine.transaction.jta.platform.internal.NoJtaPlatform]
2023-09-27 09:31:52,069 INFO com.employeecreator.employee.EmployeeApplication [restartedMain] Started EmployeeApplication in 0.222 seconds (process running for 1051.182)
2023-09-27 09:31:55,292 INFO org.apache.catalina.core.ContainerBase.[Tomcat].[localhost].[/] [http-nio-8080-exec-1] Initializing Spring DispatcherServlet 'dispatcherServlet'
2023-09-27 09:38:16,983 INFO org.apache.catalina.core.StandardService [Thread-43] Stopping service [Tomcat]
2023-09-27 09:38:16,990 INFO org.apache.catalina.core.ContainerBase.[Tomcat].[localhost].[/] [Thread-43] Destroying Spring FrameworkServlet 'dispatcherServlet'
2023-09-27 09:38:17,003 INFO com.zaxxer.hikari.HikariDataSource [Thread-43] HikariPool-11 - Shutdown initiated...
2023-09-27 09:38:17,010 INFO com.zaxxer.hikari.HikariDataSource [Thread-43] HikariPool-11 - Shutdown completed.
2023-09-27 09:38:17,079 INFO com.employeecreator.employee.EmployeeApplication [restartedMain] Starting EmployeeApplication using Java 20.0.1 with PID 5269 (/Users/jackboswell/Documents/_code/projects/employee-api/employee/target/classes started by jackboswell in /Users/jackboswell/Documents/_code/projects/employee-api/employee)
2023-09-27 09:38:17,079 INFO com.employeecreator.employee.EmployeeApplication [restartedMain] No active profile set, falling back to 1 default profile: "default"
2023-09-27 09:38:17,162 INFO org.apache.catalina.core.StandardService [restartedMain] Starting service [Tomcat]
2023-09-27 09:38:17,162 INFO org.apache.catalina.core.StandardEngine [restartedMain] Starting Servlet engine: [Apache Tomcat/10.1.11]
2023-09-27 09:38:17,166 INFO org.apache.catalina.core.ContainerBase.[Tomcat].[localhost].[/] [restartedMain] Initializing Spring embedded WebApplicationContext
2023-09-27 09:38:17,175 INFO org.hibernate.jpa.internal.util.LogHelper [restartedMain] HHH000204: Processing PersistenceUnitInfo [name: default]
2023-09-27 09:38:17,177 INFO org.hibernate.bytecode.internal.BytecodeProviderInitiator [restartedMain] HHH000021: Bytecode provider name : bytebuddy
2023-09-27 09:38:17,177 INFO com.zaxxer.hikari.HikariDataSource [restartedMain] HikariPool-12 - Starting...
2023-09-27 09:38:17,216 INFO com.zaxxer.hikari.pool.HikariPool [restartedMain] HikariPool-12 - Added connection com.mysql.cj.jdbc.ConnectionImpl@35f2f793
2023-09-27 09:38:17,216 INFO com.zaxxer.hikari.HikariDataSource [restartedMain] HikariPool-12 - Start completed.
2023-09-27 09:38:17,220 INFO org.hibernate.bytecode.internal.BytecodeProviderInitiator [restartedMain] HHH000021: Bytecode provider name : bytebuddy
2023-09-27 09:38:17,232 INFO org.hibernate.engine.transaction.jta.platform.internal.JtaPlatformInitiator [restartedMain] HHH000490: Using JtaPlatform implementation: [org.hibernate.engine.transaction.jta.platform.internal.NoJtaPlatform]
2023-09-27 09:38:17,309 INFO com.employeecreator.employee.EmployeeApplication [restartedMain] Started EmployeeApplication in 0.238 seconds (process running for 1436.444)
2023-09-27 09:38:20,759 INFO org.apache.catalina.core.StandardService [Thread-47] Stopping service [Tomcat]
2023-09-27 09:38:20,770 INFO com.zaxxer.hikari.HikariDataSource [Thread-47] HikariPool-12 - Shutdown initiated...
2023-09-27 09:38:20,794 INFO com.zaxxer.hikari.HikariDataSource [Thread-47] HikariPool-12 - Shutdown completed.
2023-09-27 09:38:20,854 INFO com.employeecreator.employee.EmployeeApplication [restartedMain] Starting EmployeeApplication using Java 20.0.1 with PID 5269 (/Users/jackboswell/Documents/_code/projects/employee-api/employee/target/classes started by jackboswell in /Users/jackboswell/Documents/_code/projects/employee-api/employee)
2023-09-27 09:38:20,854 INFO com.employeecreator.employee.EmployeeApplication [restartedMain] No active profile set, falling back to 1 default profile: "default"
2023-09-27 09:38:20,932 INFO org.apache.catalina.core.StandardService [restartedMain] Starting service [Tomcat]
2023-09-27 09:38:20,932 INFO org.apache.catalina.core.StandardEngine [restartedMain] Starting Servlet engine: [Apache Tomcat/10.1.11]
2023-09-27 09:38:20,936 INFO org.apache.catalina.core.ContainerBase.[Tomcat].[localhost].[/] [restartedMain] Initializing Spring embedded WebApplicationContext
2023-09-27 09:38:20,947 INFO org.hibernate.jpa.internal.util.LogHelper [restartedMain] HHH000204: Processing PersistenceUnitInfo [name: default]
2023-09-27 09:38:20,949 INFO org.hibernate.bytecode.internal.BytecodeProviderInitiator [restartedMain] HHH000021: Bytecode provider name : bytebuddy
2023-09-27 09:38:20,949 INFO com.zaxxer.hikari.HikariDataSource [restartedMain] HikariPool-13 - Starting...
2023-09-27 09:38:20,971 INFO com.zaxxer.hikari.pool.HikariPool [restartedMain] HikariPool-13 - Added connection com.mysql.cj.jdbc.ConnectionImpl@2880c095
2023-09-27 09:38:20,971 INFO com.zaxxer.hikari.HikariDataSource [restartedMain] HikariPool-13 - Start completed.
2023-09-27 09:38:20,976 INFO org.hibernate.bytecode.internal.BytecodeProviderInitiator [restartedMain] HHH000021: Bytecode provider name : bytebuddy
2023-09-27 09:38:20,989 INFO org.hibernate.engine.transaction.jta.platform.internal.JtaPlatformInitiator [restartedMain] HHH000490: Using JtaPlatform implementation: [org.hibernate.engine.transaction.jta.platform.internal.NoJtaPlatform]
2023-09-27 09:38:21,039 INFO com.employeecreator.employee.EmployeeApplication [restartedMain] Started EmployeeApplication in 0.192 seconds (process running for 1440.173)
2023-09-27 09:38:30,894 INFO org.apache.catalina.core.ContainerBase.[Tomcat].[localhost].[/] [http-nio-8080-exec-1] Initializing Spring DispatcherServlet 'dispatcherServlet'
2023-09-27 09:38:42,685 INFO org.apache.catalina.core.StandardService [Thread-51] Stopping service [Tomcat]
2023-09-27 09:38:42,689 INFO org.apache.catalina.core.ContainerBase.[Tomcat].[localhost].[/] [Thread-51] Destroying Spring FrameworkServlet 'dispatcherServlet'
2023-09-27 09:38:42,700 INFO com.zaxxer.hikari.HikariDataSource [Thread-51] HikariPool-13 - Shutdown initiated...
2023-09-27 09:38:42,718 INFO com.zaxxer.hikari.HikariDataSource [Thread-51] HikariPool-13 - Shutdown completed.
2023-09-27 09:38:42,804 INFO com.employeecreator.employee.EmployeeApplication [restartedMain] Starting EmployeeApplication using Java 20.0.1 with PID 5269 (/Users/jackboswell/Documents/_code/projects/employee-api/employee/target/classes started by jackboswell in /Users/jackboswell/Documents/_code/projects/employee-api/employee)
2023-09-27 09:38:42,804 INFO com.employeecreator.employee.EmployeeApplication [restartedMain] No active profile set, falling back to 1 default profile: "default"
2023-09-27 09:38:42,887 INFO org.apache.catalina.core.StandardService [restartedMain] Starting service [Tomcat]
2023-09-27 09:38:42,888 INFO org.apache.catalina.core.StandardEngine [restartedMain] Starting Servlet engine: [Apache Tomcat/10.1.11]
2023-09-27 09:38:42,892 INFO org.apache.catalina.core.ContainerBase.[Tomcat].[localhost].[/] [restartedMain] Initializing Spring embedded WebApplicationContext
2023-09-27 09:38:42,901 INFO org.hibernate.jpa.internal.util.LogHelper [restartedMain] HHH000204: Processing PersistenceUnitInfo [name: default]
2023-09-27 09:38:42,903 INFO org.hibernate.bytecode.internal.BytecodeProviderInitiator [restartedMain] HHH000021: Bytecode provider name : bytebuddy
2023-09-27 09:38:42,903 INFO com.zaxxer.hikari.HikariDataSource [restartedMain] HikariPool-14 - Starting...
2023-09-27 09:38:42,912 INFO com.zaxxer.hikari.pool.HikariPool [restartedMain] HikariPool-14 - Added connection com.mysql.cj.jdbc.ConnectionImpl@316ab124
2023-09-27 09:38:42,912 INFO com.zaxxer.hikari.HikariDataSource [restartedMain] HikariPool-14 - Start completed.
2023-09-27 09:38:42,915 INFO org.hibernate.bytecode.internal.BytecodeProviderInitiator [restartedMain] HHH000021: Bytecode provider name : bytebuddy
2023-09-27 09:38:42,927 INFO org.hibernate.engine.transaction.jta.platform.internal.JtaPlatformInitiator [restartedMain] HHH000490: Using JtaPlatform implementation: [org.hibernate.engine.transaction.jta.platform.internal.NoJtaPlatform]
2023-09-27 09:38:42,979 INFO com.employeecreator.employee.EmployeeApplication [restartedMain] Started EmployeeApplication in 0.183 seconds (process running for 1462.115)
2023-09-27 09:38:46,427 INFO org.apache.catalina.core.StandardService [Thread-55] Stopping service [Tomcat]
2023-09-27 09:38:46,438 INFO com.zaxxer.hikari.HikariDataSource [Thread-55] HikariPool-14 - Shutdown initiated...
2023-09-27 09:38:46,462 INFO com.zaxxer.hikari.HikariDataSource [Thread-55] HikariPool-14 - Shutdown completed.
2023-09-27 09:38:46,546 INFO com.employeecreator.employee.EmployeeApplication [restartedMain] Starting EmployeeApplication using Java 20.0.1 with PID 5269 (/Users/jackboswell/Documents/_code/projects/employee-api/employee/target/classes started by jackboswell in /Users/jackboswell/Documents/_code/projects/employee-api/employee)
2023-09-27 09:38:46,546 INFO com.employeecreator.employee.EmployeeApplication [restartedMain] No active profile set, falling back to 1 default profile: "default"
2023-09-27 09:38:46,607 INFO org.apache.catalina.core.StandardService [restartedMain] Starting service [Tomcat]
2023-09-27 09:38:46,607 INFO org.apache.catalina.core.StandardEngine [restartedMain] Starting Servlet engine: [Apache Tomcat/10.1.11]
2023-09-27 09:38:46,612 INFO org.apache.catalina.core.ContainerBase.[Tomcat].[localhost].[/] [restartedMain] Initializing Spring embedded WebApplicationContext
2023-09-27 09:38:46,621 INFO org.hibernate.jpa.internal.util.LogHelper [restartedMain] HHH000204: Processing PersistenceUnitInfo [name: default]
2023-09-27 09:38:46,623 INFO org.hibernate.bytecode.internal.BytecodeProviderInitiator [restartedMain] HHH000021: Bytecode provider name : bytebuddy
2023-09-27 09:38:46,623 INFO com.zaxxer.hikari.HikariDataSource [restartedMain] HikariPool-15 - Starting...
2023-09-27 09:38:46,632 INFO com.zaxxer.hikari.pool.HikariPool [restartedMain] HikariPool-15 - Added connection com.mysql.cj.jdbc.ConnectionImpl@24a1640d
2023-09-27 09:38:46,632 INFO com.zaxxer.hikari.HikariDataSource [restartedMain] HikariPool-15 - Start completed.
2023-09-27 09:38:46,636 INFO org.hibernate.bytecode.internal.BytecodeProviderInitiator [restartedMain] HHH000021: Bytecode provider name : bytebuddy
2023-09-27 09:38:46,647 INFO org.hibernate.engine.transaction.jta.platform.internal.JtaPlatformInitiator [restartedMain] HHH000490: Using JtaPlatform implementation: [org.hibernate.engine.transaction.jta.platform.internal.NoJtaPlatform]
2023-09-27 09:38:46,714 INFO com.employeecreator.employee.EmployeeApplication [restartedMain] Started EmployeeApplication in 0.177 seconds (process running for 1465.85)
2023-09-27 09:38:52,910 INFO org.apache.catalina.core.ContainerBase.[Tomcat].[localhost].[/] [http-nio-8080-exec-1] Initializing Spring DispatcherServlet 'dispatcherServlet'
